<?xml version="1.0" encoding="UTF-8"?>
<testsuite xmlns:xsi="http://www.w3.org/2001/XMLSchema-instance" xsi:noNamespaceSchemaLocation="https://maven.apache.org/surefire/maven-surefire-plugin/xsd/surefire-test-report.xsd" name="com.weather.management.WeatherReportManagementApplicationTests" time="17.773" tests="1" errors="0" skipped="0" failures="0">
  <properties>
    <property name="sun.desktop" value="windows"/>
    <property name="awt.toolkit" value="sun.awt.windows.WToolkit"/>
    <property name="file.encoding.pkg" value="sun.io"/>
    <property name="java.specification.version" value="1.8"/>
    <property name="sun.cpu.isalist" value="amd64"/>
    <property name="sun.jnu.encoding" value="Cp1252"/>
    <property name="java.class.path" value="C:\Users\irfana\Downloads\iternary_planner_faana-main\iternary_planner_faana-main\WeatherReportManagement\target\test-classes;C:\Users\irfana\Downloads\iternary_planner_faana-main\iternary_planner_faana-main\WeatherReportManagement\target\classes;C:\Users\irfana\.m2\repository\org\springframework\boot\spring-boot-starter-data-jpa\2.4.0-SNAPSHOT\spring-boot-starter-data-jpa-2.4.0-SNAPSHOT.jar;C:\Users\irfana\.m2\repository\org\springframework\boot\spring-boot-starter-aop\2.4.0-SNAPSHOT\spring-boot-starter-aop-2.4.0-SNAPSHOT.jar;C:\Users\irfana\.m2\repository\org\springframework\spring-aop\5.3.1\spring-aop-5.3.1.jar;C:\Users\irfana\.m2\repository\org\aspectj\aspectjweaver\1.9.6\aspectjweaver-1.9.6.jar;C:\Users\irfana\.m2\repository\org\springframework\boot\spring-boot-starter-jdbc\2.4.0-SNAPSHOT\spring-boot-starter-jdbc-2.4.0-SNAPSHOT.jar;C:\Users\irfana\.m2\repository\com\zaxxer\HikariCP\3.4.5\HikariCP-3.4.5.jar;C:\Users\irfana\.m2\repository\org\springframework\spring-jdbc\5.3.1\spring-jdbc-5.3.1.jar;C:\Users\irfana\.m2\repository\jakarta\transaction\jakarta.transaction-api\1.3.3\jakarta.transaction-api-1.3.3.jar;C:\Users\irfana\.m2\repository\jakarta\persistence\jakarta.persistence-api\2.2.3\jakarta.persistence-api-2.2.3.jar;C:\Users\irfana\.m2\repository\org\hibernate\hibernate-core\5.4.23.Final\hibernate-core-5.4.23.Final.jar;C:\Users\irfana\.m2\repository\org\jboss\logging\jboss-logging\3.4.1.Final\jboss-logging-3.4.1.Final.jar;C:\Users\irfana\.m2\repository\org\javassist\javassist\3.24.0-GA\javassist-3.24.0-GA.jar;C:\Users\irfana\.m2\repository\net\bytebuddy\byte-buddy\1.10.18\byte-buddy-1.10.18.jar;C:\Users\irfana\.m2\repository\antlr\antlr\2.7.7\antlr-2.7.7.jar;C:\Users\irfana\.m2\repository\org\jboss\jandex\2.1.3.Final\jandex-2.1.3.Final.jar;C:\Users\irfana\.m2\repository\org\dom4j\dom4j\2.1.3\dom4j-2.1.3.jar;C:\Users\irfana\.m2\repository\org\hibernate\common\hibernate-commons-annotations\5.1.2.Final\hibernate-commons-annotations-5.1.2.Final.jar;C:\Users\irfana\.m2\repository\org\glassfish\jaxb\jaxb-runtime\2.3.3\jaxb-runtime-2.3.3.jar;C:\Users\irfana\.m2\repository\org\glassfish\jaxb\txw2\2.3.3\txw2-2.3.3.jar;C:\Users\irfana\.m2\repository\com\sun\istack\istack-commons-runtime\3.0.11\istack-commons-runtime-3.0.11.jar;C:\Users\irfana\.m2\repository\com\sun\activation\jakarta.activation\1.2.2\jakarta.activation-1.2.2.jar;C:\Users\irfana\.m2\repository\org\springframework\data\spring-data-jpa\2.4.1\spring-data-jpa-2.4.1.jar;C:\Users\irfana\.m2\repository\org\springframework\data\spring-data-commons\2.4.1\spring-data-commons-2.4.1.jar;C:\Users\irfana\.m2\repository\org\springframework\spring-orm\5.3.1\spring-orm-5.3.1.jar;C:\Users\irfana\.m2\repository\org\springframework\spring-context\5.3.1\spring-context-5.3.1.jar;C:\Users\irfana\.m2\repository\org\springframework\spring-tx\5.3.1\spring-tx-5.3.1.jar;C:\Users\irfana\.m2\repository\org\springframework\spring-beans\5.3.1\spring-beans-5.3.1.jar;C:\Users\irfana\.m2\repository\org\springframework\spring-aspects\5.3.1\spring-aspects-5.3.1.jar;C:\Users\irfana\.m2\repository\org\springframework\boot\spring-boot-starter-jersey\2.4.0-SNAPSHOT\spring-boot-starter-jersey-2.4.0-SNAPSHOT.jar;C:\Users\irfana\.m2\repository\org\springframework\boot\spring-boot-starter-json\2.4.0-SNAPSHOT\spring-boot-starter-json-2.4.0-SNAPSHOT.jar;C:\Users\irfana\.m2\repository\com\fasterxml\jackson\core\jackson-databind\2.11.3\jackson-databind-2.11.3.jar;C:\Users\irfana\.m2\repository\com\fasterxml\jackson\core\jackson-core\2.11.3\jackson-core-2.11.3.jar;C:\Users\irfana\.m2\repository\com\fasterxml\jackson\datatype\jackson-datatype-jdk8\2.11.3\jackson-datatype-jdk8-2.11.3.jar;C:\Users\irfana\.m2\repository\com\fasterxml\jackson\datatype\jackson-datatype-jsr310\2.11.3\jackson-datatype-jsr310-2.11.3.jar;C:\Users\irfana\.m2\repository\com\fasterxml\jackson\module\jackson-module-parameter-names\2.11.3\jackson-module-parameter-names-2.11.3.jar;C:\Users\irfana\.m2\repository\org\springframework\boot\spring-boot-starter-tomcat\2.4.0-SNAPSHOT\spring-boot-starter-tomcat-2.4.0-SNAPSHOT.jar;C:\Users\irfana\.m2\repository\jakarta\annotation\jakarta.annotation-api\1.3.5\jakarta.annotation-api-1.3.5.jar;C:\Users\irfana\.m2\repository\org\apache\tomcat\embed\tomcat-embed-core\9.0.39\tomcat-embed-core-9.0.39.jar;C:\Users\irfana\.m2\repository\org\glassfish\jakarta.el\3.0.3\jakarta.el-3.0.3.jar;C:\Users\irfana\.m2\repository\org\apache\tomcat\embed\tomcat-embed-websocket\9.0.39\tomcat-embed-websocket-9.0.39.jar;C:\Users\irfana\.m2\repository\org\springframework\boot\spring-boot-starter-validation\2.4.0-SNAPSHOT\spring-boot-starter-validation-2.4.0-SNAPSHOT.jar;C:\Users\irfana\.m2\repository\org\hibernate\validator\hibernate-validator\6.1.6.Final\hibernate-validator-6.1.6.Final.jar;C:\Users\irfana\.m2\repository\org\springframework\spring-web\5.3.1\spring-web-5.3.1.jar;C:\Users\irfana\.m2\repository\org\glassfish\jersey\core\jersey-server\2.32\jersey-server-2.32.jar;C:\Users\irfana\.m2\repository\org\glassfish\jersey\core\jersey-common\2.32\jersey-common-2.32.jar;C:\Users\irfana\.m2\repository\org\glassfish\hk2\osgi-resource-locator\1.0.3\osgi-resource-locator-1.0.3.jar;C:\Users\irfana\.m2\repository\org\glassfish\jersey\core\jersey-client\2.32\jersey-client-2.32.jar;C:\Users\irfana\.m2\repository\jakarta\ws\rs\jakarta.ws.rs-api\2.1.6\jakarta.ws.rs-api-2.1.6.jar;C:\Users\irfana\.m2\repository\org\glassfish\jersey\media\jersey-media-jaxb\2.32\jersey-media-jaxb-2.32.jar;C:\Users\irfana\.m2\repository\org\glassfish\hk2\external\jakarta.inject\2.6.1\jakarta.inject-2.6.1.jar;C:\Users\irfana\.m2\repository\jakarta\validation\jakarta.validation-api\2.0.2\jakarta.validation-api-2.0.2.jar;C:\Users\irfana\.m2\repository\org\glassfish\jersey\containers\jersey-container-servlet-core\2.32\jersey-container-servlet-core-2.32.jar;C:\Users\irfana\.m2\repository\org\glassfish\jersey\containers\jersey-container-servlet\2.32\jersey-container-servlet-2.32.jar;C:\Users\irfana\.m2\repository\org\glassfish\jersey\ext\jersey-bean-validation\2.32\jersey-bean-validation-2.32.jar;C:\Users\irfana\.m2\repository\org\glassfish\jersey\ext\jersey-spring5\2.32\jersey-spring5-2.32.jar;C:\Users\irfana\.m2\repository\org\glassfish\jersey\inject\jersey-hk2\2.32\jersey-hk2-2.32.jar;C:\Users\irfana\.m2\repository\org\glassfish\hk2\hk2-locator\2.6.1\hk2-locator-2.6.1.jar;C:\Users\irfana\.m2\repository\org\glassfish\hk2\external\aopalliance-repackaged\2.6.1\aopalliance-repackaged-2.6.1.jar;C:\Users\irfana\.m2\repository\org\glassfish\hk2\hk2\2.6.1\hk2-2.6.1.jar;C:\Users\irfana\.m2\repository\org\glassfish\hk2\hk2-utils\2.6.1\hk2-utils-2.6.1.jar;C:\Users\irfana\.m2\repository\org\glassfish\hk2\hk2-api\2.6.1\hk2-api-2.6.1.jar;C:\Users\irfana\.m2\repository\org\glassfish\hk2\hk2-core\2.6.1\hk2-core-2.6.1.jar;C:\Users\irfana\.m2\repository\org\glassfish\hk2\hk2-runlevel\2.6.1\hk2-runlevel-2.6.1.jar;C:\Users\irfana\.m2\repository\org\glassfish\hk2\class-model\2.6.1\class-model-2.6.1.jar;C:\Users\irfana\.m2\repository\org\ow2\asm\asm\7.1\asm-7.1.jar;C:\Users\irfana\.m2\repository\org\ow2\asm\asm-analysis\7.1\asm-analysis-7.1.jar;C:\Users\irfana\.m2\repository\org\ow2\asm\asm-commons\7.1\asm-commons-7.1.jar;C:\Users\irfana\.m2\repository\org\ow2\asm\asm-tree\7.1\asm-tree-7.1.jar;C:\Users\irfana\.m2\repository\org\ow2\asm\asm-util\7.1\asm-util-7.1.jar;C:\Users\irfana\.m2\repository\org\glassfish\hk2\spring-bridge\2.6.1\spring-bridge-2.6.1.jar;C:\Users\irfana\.m2\repository\org\glassfish\jersey\media\jersey-media-json-jackson\2.32\jersey-media-json-jackson-2.32.jar;C:\Users\irfana\.m2\repository\org\glassfish\jersey\ext\jersey-entity-filtering\2.32\jersey-entity-filtering-2.32.jar;C:\Users\irfana\.m2\repository\com\fasterxml\jackson\core\jackson-annotations\2.11.3\jackson-annotations-2.11.3.jar;C:\Users\irfana\.m2\repository\com\fasterxml\jackson\module\jackson-module-jaxb-annotations\2.11.3\jackson-module-jaxb-annotations-2.11.3.jar;C:\Users\irfana\.m2\repository\com\h2database\h2\1.4.200\h2-1.4.200.jar;C:\Users\irfana\.m2\repository\mysql\mysql-connector-java\8.0.22\mysql-connector-java-8.0.22.jar;C:\Users\irfana\.m2\repository\org\projectlombok\lombok\1.18.16\lombok-1.18.16.jar;C:\Users\irfana\.m2\repository\io\springfox\springfox-swagger2\2.9.2\springfox-swagger2-2.9.2.jar;C:\Users\irfana\.m2\repository\io\swagger\swagger-annotations\1.5.20\swagger-annotations-1.5.20.jar;C:\Users\irfana\.m2\repository\io\swagger\swagger-models\1.5.20\swagger-models-1.5.20.jar;C:\Users\irfana\.m2\repository\io\springfox\springfox-spi\2.9.2\springfox-spi-2.9.2.jar;C:\Users\irfana\.m2\repository\io\springfox\springfox-core\2.9.2\springfox-core-2.9.2.jar;C:\Users\irfana\.m2\repository\io\springfox\springfox-schema\2.9.2\springfox-schema-2.9.2.jar;C:\Users\irfana\.m2\repository\io\springfox\springfox-swagger-common\2.9.2\springfox-swagger-common-2.9.2.jar;C:\Users\irfana\.m2\repository\io\springfox\springfox-spring-web\2.9.2\springfox-spring-web-2.9.2.jar;C:\Users\irfana\.m2\repository\com\google\guava\guava\20.0\guava-20.0.jar;C:\Users\irfana\.m2\repository\com\fasterxml\classmate\1.5.1\classmate-1.5.1.jar;C:\Users\irfana\.m2\repository\org\slf4j\slf4j-api\1.7.30\slf4j-api-1.7.30.jar;C:\Users\irfana\.m2\repository\org\springframework\plugin\spring-plugin-core\1.2.0.RELEASE\spring-plugin-core-1.2.0.RELEASE.jar;C:\Users\irfana\.m2\repository\org\springframework\plugin\spring-plugin-metadata\1.2.0.RELEASE\spring-plugin-metadata-1.2.0.RELEASE.jar;C:\Users\irfana\.m2\repository\org\mapstruct\mapstruct\1.2.0.Final\mapstruct-1.2.0.Final.jar;C:\Users\irfana\.m2\repository\io\springfox\springfox-swagger-ui\2.9.2\springfox-swagger-ui-2.9.2.jar;C:\Users\irfana\.m2\repository\org\springframework\boot\spring-boot-starter-test\2.4.0-SNAPSHOT\spring-boot-starter-test-2.4.0-SNAPSHOT.jar;C:\Users\irfana\.m2\repository\org\springframework\boot\spring-boot-starter\2.4.0-SNAPSHOT\spring-boot-starter-2.4.0-SNAPSHOT.jar;C:\Users\irfana\.m2\repository\org\springframework\boot\spring-boot\2.4.0-SNAPSHOT\spring-boot-2.4.0-SNAPSHOT.jar;C:\Users\irfana\.m2\repository\org\springframework\boot\spring-boot-autoconfigure\2.4.0-SNAPSHOT\spring-boot-autoconfigure-2.4.0-SNAPSHOT.jar;C:\Users\irfana\.m2\repository\org\springframework\boot\spring-boot-starter-logging\2.4.0-SNAPSHOT\spring-boot-starter-logging-2.4.0-SNAPSHOT.jar;C:\Users\irfana\.m2\repository\ch\qos\logback\logback-classic\1.2.3\logback-classic-1.2.3.jar;C:\Users\irfana\.m2\repository\ch\qos\logback\logback-core\1.2.3\logback-core-1.2.3.jar;C:\Users\irfana\.m2\repository\org\apache\logging\log4j\log4j-to-slf4j\2.13.3\log4j-to-slf4j-2.13.3.jar;C:\Users\irfana\.m2\repository\org\apache\logging\log4j\log4j-api\2.13.3\log4j-api-2.13.3.jar;C:\Users\irfana\.m2\repository\org\slf4j\jul-to-slf4j\1.7.30\jul-to-slf4j-1.7.30.jar;C:\Users\irfana\.m2\repository\org\yaml\snakeyaml\1.27\snakeyaml-1.27.jar;C:\Users\irfana\.m2\repository\org\springframework\boot\spring-boot-test\2.4.0-SNAPSHOT\spring-boot-test-2.4.0-SNAPSHOT.jar;C:\Users\irfana\.m2\repository\org\springframework\boot\spring-boot-test-autoconfigure\2.4.0-SNAPSHOT\spring-boot-test-autoconfigure-2.4.0-SNAPSHOT.jar;C:\Users\irfana\.m2\repository\com\jayway\jsonpath\json-path\2.4.0\json-path-2.4.0.jar;C:\Users\irfana\.m2\repository\net\minidev\json-smart\2.3\json-smart-2.3.jar;C:\Users\irfana\.m2\repository\net\minidev\accessors-smart\1.2\accessors-smart-1.2.jar;C:\Users\irfana\.m2\repository\jakarta\xml\bind\jakarta.xml.bind-api\2.3.3\jakarta.xml.bind-api-2.3.3.jar;C:\Users\irfana\.m2\repository\jakarta\activation\jakarta.activation-api\1.2.2\jakarta.activation-api-1.2.2.jar;C:\Users\irfana\.m2\repository\org\assertj\assertj-core\3.18.1\assertj-core-3.18.1.jar;C:\Users\irfana\.m2\repository\org\hamcrest\hamcrest\2.2\hamcrest-2.2.jar;C:\Users\irfana\.m2\repository\org\junit\jupiter\junit-jupiter\5.7.0\junit-jupiter-5.7.0.jar;C:\Users\irfana\.m2\repository\org\junit\jupiter\junit-jupiter-api\5.7.0\junit-jupiter-api-5.7.0.jar;C:\Users\irfana\.m2\repository\org\apiguardian\apiguardian-api\1.1.0\apiguardian-api-1.1.0.jar;C:\Users\irfana\.m2\repository\org\opentest4j\opentest4j\1.2.0\opentest4j-1.2.0.jar;C:\Users\irfana\.m2\repository\org\junit\platform\junit-platform-commons\1.7.0\junit-platform-commons-1.7.0.jar;C:\Users\irfana\.m2\repository\org\junit\jupiter\junit-jupiter-params\5.7.0\junit-jupiter-params-5.7.0.jar;C:\Users\irfana\.m2\repository\org\junit\jupiter\junit-jupiter-engine\5.7.0\junit-jupiter-engine-5.7.0.jar;C:\Users\irfana\.m2\repository\org\junit\platform\junit-platform-engine\1.7.0\junit-platform-engine-1.7.0.jar;C:\Users\irfana\.m2\repository\org\mockito\mockito-core\3.6.0\mockito-core-3.6.0.jar;C:\Users\irfana\.m2\repository\net\bytebuddy\byte-buddy-agent\1.10.18\byte-buddy-agent-1.10.18.jar;C:\Users\irfana\.m2\repository\org\objenesis\objenesis\3.1\objenesis-3.1.jar;C:\Users\irfana\.m2\repository\org\mockito\mockito-junit-jupiter\3.6.0\mockito-junit-jupiter-3.6.0.jar;C:\Users\irfana\.m2\repository\org\skyscreamer\jsonassert\1.5.0\jsonassert-1.5.0.jar;C:\Users\irfana\.m2\repository\com\vaadin\external\google\android-json\0.0.20131108.vaadin1\android-json-0.0.20131108.vaadin1.jar;C:\Users\irfana\.m2\repository\org\springframework\spring-core\5.3.1\spring-core-5.3.1.jar;C:\Users\irfana\.m2\repository\org\springframework\spring-jcl\5.3.1\spring-jcl-5.3.1.jar;C:\Users\irfana\.m2\repository\org\springframework\spring-test\5.3.1\spring-test-5.3.1.jar;C:\Users\irfana\.m2\repository\org\xmlunit\xmlunit-core\2.7.0\xmlunit-core-2.7.0.jar;C:\Users\irfana\.m2\repository\org\springframework\boot\spring-boot-starter-web\2.4.0-SNAPSHOT\spring-boot-starter-web-2.4.0-SNAPSHOT.jar;C:\Users\irfana\.m2\repository\org\springframework\spring-webmvc\5.3.1\spring-webmvc-5.3.1.jar;C:\Users\irfana\.m2\repository\org\springframework\spring-expression\5.3.1\spring-expression-5.3.1.jar;"/>
    <property name="java.vm.vendor" value="Oracle Corporation"/>
    <property name="sun.arch.data.model" value="64"/>
    <property name="user.variant" value=""/>
    <property name="java.vendor.url" value="http://java.oracle.com/"/>
    <property name="user.timezone" value="Australia/Adelaide"/>
    <property name="java.vm.specification.version" value="1.8"/>
    <property name="os.name" value="Windows 10"/>
    <property name="user.country" value="AU"/>
    <property name="sun.java.launcher" value="SUN_STANDARD"/>
    <property name="sun.boot.library.path" value="C:\Program Files\Java\jdk1.8.0_301\jre\bin"/>
    <property name="sun.java.command" value="C:\Users\irfana\AppData\Local\Temp\surefire646538527078599665\surefirebooter2132813441909325600.jar C:\Users\irfana\AppData\Local\Temp\surefire646538527078599665 2021-08-30T07-56-23_382-jvmRun1 surefire1608319049600273171tmp surefire_03850242706577162672tmp"/>
    <property name="surefire.test.class.path" value="C:\Users\irfana\Downloads\iternary_planner_faana-main\iternary_planner_faana-main\WeatherReportManagement\target\test-classes;C:\Users\irfana\Downloads\iternary_planner_faana-main\iternary_planner_faana-main\WeatherReportManagement\target\classes;C:\Users\irfana\.m2\repository\org\springframework\boot\spring-boot-starter-data-jpa\2.4.0-SNAPSHOT\spring-boot-starter-data-jpa-2.4.0-SNAPSHOT.jar;C:\Users\irfana\.m2\repository\org\springframework\boot\spring-boot-starter-aop\2.4.0-SNAPSHOT\spring-boot-starter-aop-2.4.0-SNAPSHOT.jar;C:\Users\irfana\.m2\repository\org\springframework\spring-aop\5.3.1\spring-aop-5.3.1.jar;C:\Users\irfana\.m2\repository\org\aspectj\aspectjweaver\1.9.6\aspectjweaver-1.9.6.jar;C:\Users\irfana\.m2\repository\org\springframework\boot\spring-boot-starter-jdbc\2.4.0-SNAPSHOT\spring-boot-starter-jdbc-2.4.0-SNAPSHOT.jar;C:\Users\irfana\.m2\repository\com\zaxxer\HikariCP\3.4.5\HikariCP-3.4.5.jar;C:\Users\irfana\.m2\repository\org\springframework\spring-jdbc\5.3.1\spring-jdbc-5.3.1.jar;C:\Users\irfana\.m2\repository\jakarta\transaction\jakarta.transaction-api\1.3.3\jakarta.transaction-api-1.3.3.jar;C:\Users\irfana\.m2\repository\jakarta\persistence\jakarta.persistence-api\2.2.3\jakarta.persistence-api-2.2.3.jar;C:\Users\irfana\.m2\repository\org\hibernate\hibernate-core\5.4.23.Final\hibernate-core-5.4.23.Final.jar;C:\Users\irfana\.m2\repository\org\jboss\logging\jboss-logging\3.4.1.Final\jboss-logging-3.4.1.Final.jar;C:\Users\irfana\.m2\repository\org\javassist\javassist\3.24.0-GA\javassist-3.24.0-GA.jar;C:\Users\irfana\.m2\repository\net\bytebuddy\byte-buddy\1.10.18\byte-buddy-1.10.18.jar;C:\Users\irfana\.m2\repository\antlr\antlr\2.7.7\antlr-2.7.7.jar;C:\Users\irfana\.m2\repository\org\jboss\jandex\2.1.3.Final\jandex-2.1.3.Final.jar;C:\Users\irfana\.m2\repository\org\dom4j\dom4j\2.1.3\dom4j-2.1.3.jar;C:\Users\irfana\.m2\repository\org\hibernate\common\hibernate-commons-annotations\5.1.2.Final\hibernate-commons-annotations-5.1.2.Final.jar;C:\Users\irfana\.m2\repository\org\glassfish\jaxb\jaxb-runtime\2.3.3\jaxb-runtime-2.3.3.jar;C:\Users\irfana\.m2\repository\org\glassfish\jaxb\txw2\2.3.3\txw2-2.3.3.jar;C:\Users\irfana\.m2\repository\com\sun\istack\istack-commons-runtime\3.0.11\istack-commons-runtime-3.0.11.jar;C:\Users\irfana\.m2\repository\com\sun\activation\jakarta.activation\1.2.2\jakarta.activation-1.2.2.jar;C:\Users\irfana\.m2\repository\org\springframework\data\spring-data-jpa\2.4.1\spring-data-jpa-2.4.1.jar;C:\Users\irfana\.m2\repository\org\springframework\data\spring-data-commons\2.4.1\spring-data-commons-2.4.1.jar;C:\Users\irfana\.m2\repository\org\springframework\spring-orm\5.3.1\spring-orm-5.3.1.jar;C:\Users\irfana\.m2\repository\org\springframework\spring-context\5.3.1\spring-context-5.3.1.jar;C:\Users\irfana\.m2\repository\org\springframework\spring-tx\5.3.1\spring-tx-5.3.1.jar;C:\Users\irfana\.m2\repository\org\springframework\spring-beans\5.3.1\spring-beans-5.3.1.jar;C:\Users\irfana\.m2\repository\org\springframework\spring-aspects\5.3.1\spring-aspects-5.3.1.jar;C:\Users\irfana\.m2\repository\org\springframework\boot\spring-boot-starter-jersey\2.4.0-SNAPSHOT\spring-boot-starter-jersey-2.4.0-SNAPSHOT.jar;C:\Users\irfana\.m2\repository\org\springframework\boot\spring-boot-starter-json\2.4.0-SNAPSHOT\spring-boot-starter-json-2.4.0-SNAPSHOT.jar;C:\Users\irfana\.m2\repository\com\fasterxml\jackson\core\jackson-databind\2.11.3\jackson-databind-2.11.3.jar;C:\Users\irfana\.m2\repository\com\fasterxml\jackson\core\jackson-core\2.11.3\jackson-core-2.11.3.jar;C:\Users\irfana\.m2\repository\com\fasterxml\jackson\datatype\jackson-datatype-jdk8\2.11.3\jackson-datatype-jdk8-2.11.3.jar;C:\Users\irfana\.m2\repository\com\fasterxml\jackson\datatype\jackson-datatype-jsr310\2.11.3\jackson-datatype-jsr310-2.11.3.jar;C:\Users\irfana\.m2\repository\com\fasterxml\jackson\module\jackson-module-parameter-names\2.11.3\jackson-module-parameter-names-2.11.3.jar;C:\Users\irfana\.m2\repository\org\springframework\boot\spring-boot-starter-tomcat\2.4.0-SNAPSHOT\spring-boot-starter-tomcat-2.4.0-SNAPSHOT.jar;C:\Users\irfana\.m2\repository\jakarta\annotation\jakarta.annotation-api\1.3.5\jakarta.annotation-api-1.3.5.jar;C:\Users\irfana\.m2\repository\org\apache\tomcat\embed\tomcat-embed-core\9.0.39\tomcat-embed-core-9.0.39.jar;C:\Users\irfana\.m2\repository\org\glassfish\jakarta.el\3.0.3\jakarta.el-3.0.3.jar;C:\Users\irfana\.m2\repository\org\apache\tomcat\embed\tomcat-embed-websocket\9.0.39\tomcat-embed-websocket-9.0.39.jar;C:\Users\irfana\.m2\repository\org\springframework\boot\spring-boot-starter-validation\2.4.0-SNAPSHOT\spring-boot-starter-validation-2.4.0-SNAPSHOT.jar;C:\Users\irfana\.m2\repository\org\hibernate\validator\hibernate-validator\6.1.6.Final\hibernate-validator-6.1.6.Final.jar;C:\Users\irfana\.m2\repository\org\springframework\spring-web\5.3.1\spring-web-5.3.1.jar;C:\Users\irfana\.m2\repository\org\glassfish\jersey\core\jersey-server\2.32\jersey-server-2.32.jar;C:\Users\irfana\.m2\repository\org\glassfish\jersey\core\jersey-common\2.32\jersey-common-2.32.jar;C:\Users\irfana\.m2\repository\org\glassfish\hk2\osgi-resource-locator\1.0.3\osgi-resource-locator-1.0.3.jar;C:\Users\irfana\.m2\repository\org\glassfish\jersey\core\jersey-client\2.32\jersey-client-2.32.jar;C:\Users\irfana\.m2\repository\jakarta\ws\rs\jakarta.ws.rs-api\2.1.6\jakarta.ws.rs-api-2.1.6.jar;C:\Users\irfana\.m2\repository\org\glassfish\jersey\media\jersey-media-jaxb\2.32\jersey-media-jaxb-2.32.jar;C:\Users\irfana\.m2\repository\org\glassfish\hk2\external\jakarta.inject\2.6.1\jakarta.inject-2.6.1.jar;C:\Users\irfana\.m2\repository\jakarta\validation\jakarta.validation-api\2.0.2\jakarta.validation-api-2.0.2.jar;C:\Users\irfana\.m2\repository\org\glassfish\jersey\containers\jersey-container-servlet-core\2.32\jersey-container-servlet-core-2.32.jar;C:\Users\irfana\.m2\repository\org\glassfish\jersey\containers\jersey-container-servlet\2.32\jersey-container-servlet-2.32.jar;C:\Users\irfana\.m2\repository\org\glassfish\jersey\ext\jersey-bean-validation\2.32\jersey-bean-validation-2.32.jar;C:\Users\irfana\.m2\repository\org\glassfish\jersey\ext\jersey-spring5\2.32\jersey-spring5-2.32.jar;C:\Users\irfana\.m2\repository\org\glassfish\jersey\inject\jersey-hk2\2.32\jersey-hk2-2.32.jar;C:\Users\irfana\.m2\repository\org\glassfish\hk2\hk2-locator\2.6.1\hk2-locator-2.6.1.jar;C:\Users\irfana\.m2\repository\org\glassfish\hk2\external\aopalliance-repackaged\2.6.1\aopalliance-repackaged-2.6.1.jar;C:\Users\irfana\.m2\repository\org\glassfish\hk2\hk2\2.6.1\hk2-2.6.1.jar;C:\Users\irfana\.m2\repository\org\glassfish\hk2\hk2-utils\2.6.1\hk2-utils-2.6.1.jar;C:\Users\irfana\.m2\repository\org\glassfish\hk2\hk2-api\2.6.1\hk2-api-2.6.1.jar;C:\Users\irfana\.m2\repository\org\glassfish\hk2\hk2-core\2.6.1\hk2-core-2.6.1.jar;C:\Users\irfana\.m2\repository\org\glassfish\hk2\hk2-runlevel\2.6.1\hk2-runlevel-2.6.1.jar;C:\Users\irfana\.m2\repository\org\glassfish\hk2\class-model\2.6.1\class-model-2.6.1.jar;C:\Users\irfana\.m2\repository\org\ow2\asm\asm\7.1\asm-7.1.jar;C:\Users\irfana\.m2\repository\org\ow2\asm\asm-analysis\7.1\asm-analysis-7.1.jar;C:\Users\irfana\.m2\repository\org\ow2\asm\asm-commons\7.1\asm-commons-7.1.jar;C:\Users\irfana\.m2\repository\org\ow2\asm\asm-tree\7.1\asm-tree-7.1.jar;C:\Users\irfana\.m2\repository\org\ow2\asm\asm-util\7.1\asm-util-7.1.jar;C:\Users\irfana\.m2\repository\org\glassfish\hk2\spring-bridge\2.6.1\spring-bridge-2.6.1.jar;C:\Users\irfana\.m2\repository\org\glassfish\jersey\media\jersey-media-json-jackson\2.32\jersey-media-json-jackson-2.32.jar;C:\Users\irfana\.m2\repository\org\glassfish\jersey\ext\jersey-entity-filtering\2.32\jersey-entity-filtering-2.32.jar;C:\Users\irfana\.m2\repository\com\fasterxml\jackson\core\jackson-annotations\2.11.3\jackson-annotations-2.11.3.jar;C:\Users\irfana\.m2\repository\com\fasterxml\jackson\module\jackson-module-jaxb-annotations\2.11.3\jackson-module-jaxb-annotations-2.11.3.jar;C:\Users\irfana\.m2\repository\com\h2database\h2\1.4.200\h2-1.4.200.jar;C:\Users\irfana\.m2\repository\mysql\mysql-connector-java\8.0.22\mysql-connector-java-8.0.22.jar;C:\Users\irfana\.m2\repository\org\projectlombok\lombok\1.18.16\lombok-1.18.16.jar;C:\Users\irfana\.m2\repository\io\springfox\springfox-swagger2\2.9.2\springfox-swagger2-2.9.2.jar;C:\Users\irfana\.m2\repository\io\swagger\swagger-annotations\1.5.20\swagger-annotations-1.5.20.jar;C:\Users\irfana\.m2\repository\io\swagger\swagger-models\1.5.20\swagger-models-1.5.20.jar;C:\Users\irfana\.m2\repository\io\springfox\springfox-spi\2.9.2\springfox-spi-2.9.2.jar;C:\Users\irfana\.m2\repository\io\springfox\springfox-core\2.9.2\springfox-core-2.9.2.jar;C:\Users\irfana\.m2\repository\io\springfox\springfox-schema\2.9.2\springfox-schema-2.9.2.jar;C:\Users\irfana\.m2\repository\io\springfox\springfox-swagger-common\2.9.2\springfox-swagger-common-2.9.2.jar;C:\Users\irfana\.m2\repository\io\springfox\springfox-spring-web\2.9.2\springfox-spring-web-2.9.2.jar;C:\Users\irfana\.m2\repository\com\google\guava\guava\20.0\guava-20.0.jar;C:\Users\irfana\.m2\repository\com\fasterxml\classmate\1.5.1\classmate-1.5.1.jar;C:\Users\irfana\.m2\repository\org\slf4j\slf4j-api\1.7.30\slf4j-api-1.7.30.jar;C:\Users\irfana\.m2\repository\org\springframework\plugin\spring-plugin-core\1.2.0.RELEASE\spring-plugin-core-1.2.0.RELEASE.jar;C:\Users\irfana\.m2\repository\org\springframework\plugin\spring-plugin-metadata\1.2.0.RELEASE\spring-plugin-metadata-1.2.0.RELEASE.jar;C:\Users\irfana\.m2\repository\org\mapstruct\mapstruct\1.2.0.Final\mapstruct-1.2.0.Final.jar;C:\Users\irfana\.m2\repository\io\springfox\springfox-swagger-ui\2.9.2\springfox-swagger-ui-2.9.2.jar;C:\Users\irfana\.m2\repository\org\springframework\boot\spring-boot-starter-test\2.4.0-SNAPSHOT\spring-boot-starter-test-2.4.0-SNAPSHOT.jar;C:\Users\irfana\.m2\repository\org\springframework\boot\spring-boot-starter\2.4.0-SNAPSHOT\spring-boot-starter-2.4.0-SNAPSHOT.jar;C:\Users\irfana\.m2\repository\org\springframework\boot\spring-boot\2.4.0-SNAPSHOT\spring-boot-2.4.0-SNAPSHOT.jar;C:\Users\irfana\.m2\repository\org\springframework\boot\spring-boot-autoconfigure\2.4.0-SNAPSHOT\spring-boot-autoconfigure-2.4.0-SNAPSHOT.jar;C:\Users\irfana\.m2\repository\org\springframework\boot\spring-boot-starter-logging\2.4.0-SNAPSHOT\spring-boot-starter-logging-2.4.0-SNAPSHOT.jar;C:\Users\irfana\.m2\repository\ch\qos\logback\logback-classic\1.2.3\logback-classic-1.2.3.jar;C:\Users\irfana\.m2\repository\ch\qos\logback\logback-core\1.2.3\logback-core-1.2.3.jar;C:\Users\irfana\.m2\repository\org\apache\logging\log4j\log4j-to-slf4j\2.13.3\log4j-to-slf4j-2.13.3.jar;C:\Users\irfana\.m2\repository\org\apache\logging\log4j\log4j-api\2.13.3\log4j-api-2.13.3.jar;C:\Users\irfana\.m2\repository\org\slf4j\jul-to-slf4j\1.7.30\jul-to-slf4j-1.7.30.jar;C:\Users\irfana\.m2\repository\org\yaml\snakeyaml\1.27\snakeyaml-1.27.jar;C:\Users\irfana\.m2\repository\org\springframework\boot\spring-boot-test\2.4.0-SNAPSHOT\spring-boot-test-2.4.0-SNAPSHOT.jar;C:\Users\irfana\.m2\repository\org\springframework\boot\spring-boot-test-autoconfigure\2.4.0-SNAPSHOT\spring-boot-test-autoconfigure-2.4.0-SNAPSHOT.jar;C:\Users\irfana\.m2\repository\com\jayway\jsonpath\json-path\2.4.0\json-path-2.4.0.jar;C:\Users\irfana\.m2\repository\net\minidev\json-smart\2.3\json-smart-2.3.jar;C:\Users\irfana\.m2\repository\net\minidev\accessors-smart\1.2\accessors-smart-1.2.jar;C:\Users\irfana\.m2\repository\jakarta\xml\bind\jakarta.xml.bind-api\2.3.3\jakarta.xml.bind-api-2.3.3.jar;C:\Users\irfana\.m2\repository\jakarta\activation\jakarta.activation-api\1.2.2\jakarta.activation-api-1.2.2.jar;C:\Users\irfana\.m2\repository\org\assertj\assertj-core\3.18.1\assertj-core-3.18.1.jar;C:\Users\irfana\.m2\repository\org\hamcrest\hamcrest\2.2\hamcrest-2.2.jar;C:\Users\irfana\.m2\repository\org\junit\jupiter\junit-jupiter\5.7.0\junit-jupiter-5.7.0.jar;C:\Users\irfana\.m2\repository\org\junit\jupiter\junit-jupiter-api\5.7.0\junit-jupiter-api-5.7.0.jar;C:\Users\irfana\.m2\repository\org\apiguardian\apiguardian-api\1.1.0\apiguardian-api-1.1.0.jar;C:\Users\irfana\.m2\repository\org\opentest4j\opentest4j\1.2.0\opentest4j-1.2.0.jar;C:\Users\irfana\.m2\repository\org\junit\platform\junit-platform-commons\1.7.0\junit-platform-commons-1.7.0.jar;C:\Users\irfana\.m2\repository\org\junit\jupiter\junit-jupiter-params\5.7.0\junit-jupiter-params-5.7.0.jar;C:\Users\irfana\.m2\repository\org\junit\jupiter\junit-jupiter-engine\5.7.0\junit-jupiter-engine-5.7.0.jar;C:\Users\irfana\.m2\repository\org\junit\platform\junit-platform-engine\1.7.0\junit-platform-engine-1.7.0.jar;C:\Users\irfana\.m2\repository\org\mockito\mockito-core\3.6.0\mockito-core-3.6.0.jar;C:\Users\irfana\.m2\repository\net\bytebuddy\byte-buddy-agent\1.10.18\byte-buddy-agent-1.10.18.jar;C:\Users\irfana\.m2\repository\org\objenesis\objenesis\3.1\objenesis-3.1.jar;C:\Users\irfana\.m2\repository\org\mockito\mockito-junit-jupiter\3.6.0\mockito-junit-jupiter-3.6.0.jar;C:\Users\irfana\.m2\repository\org\skyscreamer\jsonassert\1.5.0\jsonassert-1.5.0.jar;C:\Users\irfana\.m2\repository\com\vaadin\external\google\android-json\0.0.20131108.vaadin1\android-json-0.0.20131108.vaadin1.jar;C:\Users\irfana\.m2\repository\org\springframework\spring-core\5.3.1\spring-core-5.3.1.jar;C:\Users\irfana\.m2\repository\org\springframework\spring-jcl\5.3.1\spring-jcl-5.3.1.jar;C:\Users\irfana\.m2\repository\org\springframework\spring-test\5.3.1\spring-test-5.3.1.jar;C:\Users\irfana\.m2\repository\org\xmlunit\xmlunit-core\2.7.0\xmlunit-core-2.7.0.jar;C:\Users\irfana\.m2\repository\org\springframework\boot\spring-boot-starter-web\2.4.0-SNAPSHOT\spring-boot-starter-web-2.4.0-SNAPSHOT.jar;C:\Users\irfana\.m2\repository\org\springframework\spring-webmvc\5.3.1\spring-webmvc-5.3.1.jar;C:\Users\irfana\.m2\repository\org\springframework\spring-expression\5.3.1\spring-expression-5.3.1.jar;"/>
    <property name="sun.cpu.endian" value="little"/>
    <property name="user.home" value="C:\Users\irfana"/>
    <property name="user.language" value="en"/>
    <property name="java.specification.vendor" value="Oracle Corporation"/>
    <property name="java.home" value="C:\Program Files\Java\jdk1.8.0_301\jre"/>
    <property name="basedir" value="C:\Users\irfana\Downloads\iternary_planner_faana-main\iternary_planner_faana-main\WeatherReportManagement"/>
    <property name="style.color" value="always"/>
    <property name="file.separator" value="\"/>
    <property name="line.separator" value="&#10;"/>
    <property name="java.vm.specification.vendor" value="Oracle Corporation"/>
    <property name="java.specification.name" value="Java Platform API Specification"/>
    <property name="java.awt.graphicsenv" value="sun.awt.Win32GraphicsEnvironment"/>
    <property name="surefire.real.class.path" value="C:\Users\irfana\AppData\Local\Temp\surefire646538527078599665\surefirebooter2132813441909325600.jar"/>
    <property name="sun.boot.class.path" value="C:\Program Files\Java\jdk1.8.0_301\jre\lib\resources.jar;C:\Program Files\Java\jdk1.8.0_301\jre\lib\rt.jar;C:\Program Files\Java\jdk1.8.0_301\jre\lib\sunrsasign.jar;C:\Program Files\Java\jdk1.8.0_301\jre\lib\jsse.jar;C:\Program Files\Java\jdk1.8.0_301\jre\lib\jce.jar;C:\Program Files\Java\jdk1.8.0_301\jre\lib\charsets.jar;C:\Program Files\Java\jdk1.8.0_301\jre\lib\jfr.jar;C:\Program Files\Java\jdk1.8.0_301\jre\classes"/>
    <property name="user.script" value=""/>
    <property name="sun.management.compiler" value="HotSpot 64-Bit Tiered Compilers"/>
    <property name="java.runtime.version" value="1.8.0_301-b09"/>
    <property name="user.name" value="irfana"/>
    <property name="path.separator" value=";"/>
    <property name="os.version" value="10.0"/>
    <property name="java.endorsed.dirs" value="C:\Program Files\Java\jdk1.8.0_301\jre\lib\endorsed"/>
    <property name="java.runtime.name" value="Java(TM) SE Runtime Environment"/>
    <property name="file.encoding" value="Cp1252"/>
    <property name="java.vm.name" value="Java HotSpot(TM) 64-Bit Server VM"/>
    <property name="localRepository" value="C:\Users\irfana\.m2\repository"/>
    <property name="java.vendor.url.bug" value="http://bugreport.sun.com/bugreport/"/>
    <property name="java.io.tmpdir" value="C:\Users\irfana\AppData\Local\Temp\"/>
    <property name="java.version" value="1.8.0_301"/>
    <property name="user.dir" value="C:\Users\irfana\Downloads\iternary_planner_faana-main\iternary_planner_faana-main\WeatherReportManagement"/>
    <property name="os.arch" value="amd64"/>
    <property name="java.vm.specification.name" value="Java Virtual Machine Specification"/>
    <property name="java.awt.printerjob" value="sun.awt.windows.WPrinterJob"/>
    <property name="sun.os.patch.level" value=""/>
    <property name="java.library.path" value="C:\Program Files\Java\jdk1.8.0_301\jre\bin;C:\WINDOWS\Sun\Java\bin;C:\WINDOWS\system32;C:\WINDOWS;C:/Users/irfana/Spring/sts-4.11.1.RELEASE//plugins/org.eclipse.justj.openjdk.hotspot.jre.full.win32.x86_64_16.0.2.v20210721-1149/jre/bin/server;C:/Users/irfana/Spring/sts-4.11.1.RELEASE//plugins/org.eclipse.justj.openjdk.hotspot.jre.full.win32.x86_64_16.0.2.v20210721-1149/jre/bin;C:\Program Files\Common Files\Oracle\Java\javapath;C:\Program Files (x86)\Common Files\Oracle\Java\javapath;C:\WINDOWS\system32;C:\WINDOWS;C:\WINDOWS\System32\Wbem;C:\WINDOWS\System32\WindowsPowerShell\v1.0\;C:\WINDOWS\System32\OpenSSH\;C:\Program Files\Git\cmd;C:\ProgramData\chocolatey\bin;C:\Program Files\nodejs\;C:\Program Files\OpenJDK\openjdk-8u292-b10\bin;C:\Program Files (x86)\Intel\Intel(R) Management Engine Components\DAL;C:\Program Files\Intel\Intel(R) Management Engine Components\DAL;C:\Users\irfana\AppData\Local\Microsoft\WindowsApps;C:\Users\irfana\AppData\Local\Programs\Microsoft VS Code\bin;C:\Users\irfana\AppData\Roaming\npm;C:\Users\irfana\AppData\Local\Android\Sdk\platform-tools;C:\xampp\php;C:\Program Files\Java\jdk1.8.0_301;;C:\Users\irfana\Spring\sts-4.11.1.RELEASE;;."/>
    <property name="java.vm.info" value="mixed mode"/>
    <property name="java.vendor" value="Oracle Corporation"/>
    <property name="java.vm.version" value="25.301-b09"/>
    <property name="java.ext.dirs" value="C:\Program Files\Java\jdk1.8.0_301\jre\lib\ext;C:\WINDOWS\Sun\Java\lib\ext"/>
    <property name="sun.io.unicode.encoding" value="UnicodeLittle"/>
    <property name="java.class.version" value="52.0"/>
  </properties>
  <testcase name="contextLoads" classname="com.weather.management.WeatherReportManagementApplicationTests" time="0.434"/>
</testsuite>